#-----------------------------------------------------------
# Vivado v2018.3 (64-bit)
# SW Build 2405991 on Thu Dec  6 23:38:27 MST 2018
# IP Build 2404404 on Fri Dec  7 01:43:56 MST 2018
# Start of session at: Wed May  4 19:25:50 2022
# Process ID: 19216
# Current directory: D:/Data/Vivado/Fetch_Decode
# Command line: vivado.exe -gui_launcher_event rodinguilauncherevent8404 D:\Data\Vivado\Fetch_Decode\Fetch_Decode.xpr
# Log file: D:/Data/Vivado/Fetch_Decode/vivado.log
# Journal file: D:/Data/Vivado/Fetch_Decode\vivado.jou
#-----------------------------------------------------------
start_gui
open_project D:/Data/Vivado/Fetch_Decode/Fetch_Decode.xpr
Scanning sources...
Finished scanning sources
INFO: [IP_Flow 19-234] Refreshing IP repositories
INFO: [IP_Flow 19-1704] No user IP repositories specified
INFO: [Common 17-41] Interrupt caught. Command should exit soon.
INFO: [IP_Flow 19-2313] Loaded Vivado IP repository 'D:/Program/Xilinx/Vivado/2018.3/data/ip'.
INFO: [Common 17-344] 'open_project' was cancelled
open_project D:/Data/Vivado/Fetch_Decode/Fetch_Decode.xpr
Scanning sources...
Finished scanning sources
INFO: [IP_Flow 19-234] Refreshing IP repositories
INFO: [IP_Flow 19-1704] No user IP repositories specified
INFO: [IP_Flow 19-2313] Loaded Vivado IP repository 'D:/Program/Xilinx/Vivado/2018.3/data/ip'.
open_project: Time (s): cpu = 00:00:33 ; elapsed = 00:00:14 . Memory (MB): peak = 722.746 ; gain = 117.586
update_compile_order -fileset sources_1
exit
INFO: [Common 17-206] Exiting Vivado at Wed May  4 19:32:16 2022...
