Copyright 1986-2018 Xilinx, Inc. All Rights Reserved.
------------------------------------------------------------------------------------
| Tool Version : Vivado v.2018.3 (win64) Build 2405991 Thu Dec  6 23:38:27 MST 2018
| Date         : Sun Mar 27 09:03:33 2022
| Host         : DESKTOP-1SAUHT5 running 64-bit major release  (build 9200)
| Command      : report_control_sets -verbose -file Top_control_sets_placed.rpt
| Design       : Top
| Device       : xc7a100t
------------------------------------------------------------------------------------

Control Set Information

Table of Contents
-----------------
1. Summary
2. Histogram
3. Flip-Flop Distribution
4. Detailed Control Set Information

1. Summary
----------

+----------------------------------------------------------+-------+
|                          Status                          | Count |
+----------------------------------------------------------+-------+
| Number of unique control sets                            |   265 |
| Unused register locations in slices containing registers |  1067 |
+----------------------------------------------------------+-------+


2. Histogram
------------

+--------+--------------+
| Fanout | Control Sets |
+--------+--------------+
|      1 |            3 |
|      2 |            1 |
|      4 |          258 |
|      7 |            1 |
|    16+ |            2 |
+--------+--------------+


3. Flip-Flop Distribution
-------------------------

+--------------+-----------------------+------------------------+-----------------+--------------+
| Clock Enable | Synchronous Set/Reset | Asynchronous Set/Reset | Total Registers | Total Slices |
+--------------+-----------------------+------------------------+-----------------+--------------+
| No           | No                    | No                     |               8 |            5 |
| No           | No                    | Yes                    |             100 |           53 |
| No           | Yes                   | No                     |              25 |           10 |
| Yes          | No                    | No                     |               0 |            0 |
| Yes          | No                    | Yes                    |             992 |          652 |
| Yes          | Yes                   | No                     |               0 |            0 |
+--------------+-----------------------+------------------------+-----------------+--------------+


4. Detailed Control Set Information
-----------------------------------

+---------------------+------------------------------+-------------------------------------+------------------+----------------+
|     Clock Signal    |         Enable Signal        |           Set/Reset Signal          | Slice Load Count | Bel Load Count |
+---------------------+------------------------------+-------------------------------------+------------------+----------------+
|  Alu/NP/MHztoKHz/CP |                              | Alu/NP/AN[0]_i_1_n_0                |                1 |              1 |
|  Alu/NP/MHztoKHz/CP |                              | Alu/NP/Q[0]                         |                1 |              1 |
|  clk_IBUF_BUFG      |                              |                                     |                1 |              1 |
|  Alu/NP/MHztoKHz/CP |                              | Alu/NP/Q[2]                         |                1 |              2 |
|  clk_WB_IBUF_BUFG   | Rf/REG_Files[14][31]_i_1_n_0 | Alu/flagu/rst_n_5                   |                3 |              4 |
|  Alu/NP/MHztoKHz/CP |                              | Alu/NP/Q[1]                         |                2 |              4 |
|  clk_WB_IBUF_BUFG   | Rf/REG_Files[10][31]_i_1_n_0 | Alu/flagu/rst_n_1                   |                2 |              4 |
|  clk_WB_IBUF_BUFG   | Rf/REG_Files[10][31]_i_1_n_0 | Alu/flagu/rst_n_6                   |                2 |              4 |
|  clk_WB_IBUF_BUFG   | Rf/REG_Files[10][31]_i_1_n_0 | Alu/flagu/rst_n_3                   |                4 |              4 |
|  clk_WB_IBUF_BUFG   | Rf/REG_Files[10][31]_i_1_n_0 | Alu/flagu/rst_n                     |                2 |              4 |
|  clk_WB_IBUF_BUFG   | Rf/REG_Files[10][31]_i_1_n_0 | Alu/flagu/rst_n_5                   |                3 |              4 |
|  clk_WB_IBUF_BUFG   | Rf/REG_Files[10][31]_i_1_n_0 | Alu/flagu/rst_n_4                   |                3 |              4 |
|  clk_WB_IBUF_BUFG   | Rf/REG_Files[10][31]_i_1_n_0 | Alu/flagu/rst_n_2                   |                3 |              4 |
|  clk_WB_IBUF_BUFG   | Rf/REG_Files[10][31]_i_1_n_0 | Alu/flagu/rst_n_0                   |                2 |              4 |
|  clk_WB_IBUF_BUFG   | Rf/REG_Files[11][31]_i_1_n_0 | Alu/flagu/rst_n_1                   |                2 |              4 |
|  clk_WB_IBUF_BUFG   | Rf/REG_Files[11][31]_i_1_n_0 | Alu/flagu/rst_n_6                   |                2 |              4 |
|  clk_WB_IBUF_BUFG   | Rf/REG_Files[11][31]_i_1_n_0 | Alu/flagu/rst_n_3                   |                3 |              4 |
|  clk_WB_IBUF_BUFG   | Rf/REG_Files[11][31]_i_1_n_0 | Alu/flagu/rst_n                     |                1 |              4 |
|  clk_WB_IBUF_BUFG   | Rf/REG_Files[11][31]_i_1_n_0 | Alu/flagu/rst_n_5                   |                3 |              4 |
|  clk_WB_IBUF_BUFG   | Rf/REG_Files[11][31]_i_1_n_0 | Alu/flagu/rst_n_4                   |                3 |              4 |
|  clk_WB_IBUF_BUFG   | Rf/REG_Files[11][31]_i_1_n_0 | Alu/flagu/rst_n_2                   |                2 |              4 |
|  clk_WB_IBUF_BUFG   | Rf/REG_Files[11][31]_i_1_n_0 | Alu/flagu/rst_n_0                   |                1 |              4 |
|  clk_WB_IBUF_BUFG   | Rf/REG_Files[12][31]_i_1_n_0 | Alu/flagu/rst_n_1                   |                1 |              4 |
|  clk_WB_IBUF_BUFG   | Rf/REG_Files[12][31]_i_1_n_0 | Alu/flagu/rst_n_6                   |                2 |              4 |
|  clk_WB_IBUF_BUFG   | Rf/REG_Files[12][31]_i_1_n_0 | Alu/flagu/rst_n_3                   |                4 |              4 |
|  clk_WB_IBUF_BUFG   | Rf/REG_Files[12][31]_i_1_n_0 | Alu/flagu/rst_n                     |                1 |              4 |
|  clk_WB_IBUF_BUFG   | Rf/REG_Files[12][31]_i_1_n_0 | Alu/flagu/rst_n_5                   |                3 |              4 |
|  clk_WB_IBUF_BUFG   | Rf/REG_Files[12][31]_i_1_n_0 | Alu/flagu/rst_n_4                   |                3 |              4 |
|  clk_WB_IBUF_BUFG   | Rf/REG_Files[12][31]_i_1_n_0 | Alu/flagu/rst_n_2                   |                3 |              4 |
|  clk_WB_IBUF_BUFG   | Rf/REG_Files[12][31]_i_1_n_0 | Alu/flagu/rst_n_0                   |                2 |              4 |
|  clk_WB_IBUF_BUFG   | Rf/REG_Files[14][31]_i_1_n_0 | Alu/flagu/rst_n_1                   |                3 |              4 |
|  clk_WB_IBUF_BUFG   | Rf/REG_Files[14][31]_i_1_n_0 | Alu/flagu/rst_n_6                   |                2 |              4 |
|  clk_WB_IBUF_BUFG   | Rf/REG_Files[14][31]_i_1_n_0 | Alu/flagu/rst_n_3                   |                3 |              4 |
|  clk_WB_IBUF_BUFG   | Rf/REG_Files[14][31]_i_1_n_0 | Alu/flagu/rst_n                     |                1 |              4 |
|  clk_WB_IBUF_BUFG   | Rf/REG_Files[19][31]_i_1_n_0 | Alu/flagu/rst_n_4                   |                2 |              4 |
|  clk_WB_IBUF_BUFG   | Rf/REG_Files[14][31]_i_1_n_0 | Alu/flagu/rst_n_4                   |                3 |              4 |
|  clk_WB_IBUF_BUFG   | Rf/REG_Files[14][31]_i_1_n_0 | Alu/flagu/rst_n_2                   |                1 |              4 |
|  clk_WB_IBUF_BUFG   | Rf/REG_Files[14][31]_i_1_n_0 | Alu/flagu/rst_n_0                   |                1 |              4 |
|  clk_WB_IBUF_BUFG   | Rf/REG_Files[18][31]_i_1_n_0 | Alu/flagu/rst_n_1                   |                2 |              4 |
|  clk_WB_IBUF_BUFG   | Rf/REG_Files[18][31]_i_1_n_0 | Alu/flagu/rst_n_6                   |                3 |              4 |
|  clk_WB_IBUF_BUFG   | Rf/REG_Files[18][31]_i_1_n_0 | Alu/flagu/rst_n_3                   |                2 |              4 |
|  clk_WB_IBUF_BUFG   | Rf/REG_Files[18][31]_i_1_n_0 | Alu/flagu/rst_n                     |                3 |              4 |
|  clk_WB_IBUF_BUFG   | Rf/REG_Files[18][31]_i_1_n_0 | Alu/flagu/rst_n_5                   |                1 |              4 |
|  clk_WB_IBUF_BUFG   | Rf/REG_Files[18][31]_i_1_n_0 | Alu/flagu/rst_n_4                   |                2 |              4 |
|  clk_WB_IBUF_BUFG   | Rf/REG_Files[18][31]_i_1_n_0 | Alu/flagu/rst_n_2                   |                4 |              4 |
|  clk_WB_IBUF_BUFG   | Rf/REG_Files[18][31]_i_1_n_0 | Alu/flagu/rst_n_0                   |                2 |              4 |
|  clk_WB_IBUF_BUFG   | Rf/REG_Files[13][31]_i_1_n_0 | Alu/flagu/rst_n_1                   |                2 |              4 |
|  clk_WB_IBUF_BUFG   | Rf/REG_Files[13][31]_i_1_n_0 | Alu/flagu/rst_n_6                   |                2 |              4 |
|  clk_WB_IBUF_BUFG   | Rf/REG_Files[13][31]_i_1_n_0 | Alu/flagu/rst_n_3                   |                3 |              4 |
|  clk_WB_IBUF_BUFG   | Rf/REG_Files[13][31]_i_1_n_0 | Alu/flagu/rst_n                     |                2 |              4 |
|  clk_WB_IBUF_BUFG   | Rf/REG_Files[13][31]_i_1_n_0 | Alu/flagu/rst_n_5                   |                3 |              4 |
|  clk_WB_IBUF_BUFG   | Rf/REG_Files[13][31]_i_1_n_0 | Alu/flagu/rst_n_4                   |                3 |              4 |
|  clk_WB_IBUF_BUFG   | Rf/REG_Files[13][31]_i_1_n_0 | Alu/flagu/rst_n_2                   |                2 |              4 |
|  clk_WB_IBUF_BUFG   | Rf/REG_Files[13][31]_i_1_n_0 | Alu/flagu/rst_n_0                   |                1 |              4 |
|  clk_WB_IBUF_BUFG   | Rf/REG_Files[15][31]_i_1_n_0 | Alu/flagu/rst_n_1                   |                2 |              4 |
|  clk_WB_IBUF_BUFG   | Rf/REG_Files[15][31]_i_1_n_0 | Alu/flagu/rst_n_6                   |                3 |              4 |
|  clk_WB_IBUF_BUFG   | Rf/REG_Files[15][31]_i_1_n_0 | Alu/flagu/rst_n_3                   |                2 |              4 |
|  clk_WB_IBUF_BUFG   | Rf/REG_Files[15][31]_i_1_n_0 | Alu/flagu/rst_n                     |                2 |              4 |
|  clk_WB_IBUF_BUFG   | Rf/REG_Files[15][31]_i_1_n_0 | Alu/flagu/rst_n_5                   |                3 |              4 |
|  clk_WB_IBUF_BUFG   | Rf/REG_Files[15][31]_i_1_n_0 | Alu/flagu/rst_n_4                   |                3 |              4 |
|  clk_WB_IBUF_BUFG   | Rf/REG_Files[15][31]_i_1_n_0 | Alu/flagu/rst_n_2                   |                3 |              4 |
|  clk_WB_IBUF_BUFG   | Rf/REG_Files[15][31]_i_1_n_0 | Alu/flagu/rst_n_0                   |                1 |              4 |
|  clk_WB_IBUF_BUFG   | Rf/REG_Files[19][31]_i_1_n_0 | Alu/flagu/rst_n_1                   |                2 |              4 |
|  clk_WB_IBUF_BUFG   | Rf/REG_Files[19][31]_i_1_n_0 | Alu/flagu/rst_n_6                   |                3 |              4 |
|  clk_WB_IBUF_BUFG   | Rf/REG_Files[19][31]_i_1_n_0 | Alu/flagu/rst_n_3                   |                3 |              4 |
|  clk_WB_IBUF_BUFG   | Rf/REG_Files[19][31]_i_1_n_0 | Alu/flagu/rst_n                     |                3 |              4 |
|  clk_WB_IBUF_BUFG   | Rf/REG_Files[19][31]_i_1_n_0 | Alu/flagu/rst_n_5                   |                2 |              4 |
|  clk_WB_IBUF_BUFG   | Rf/REG_Files[19][31]_i_1_n_0 | Alu/flagu/rst_n_2                   |                2 |              4 |
|  clk_WB_IBUF_BUFG   | Rf/REG_Files[19][31]_i_1_n_0 | Alu/flagu/rst_n_0                   |                4 |              4 |
|  clk_WB_IBUF_BUFG   | Rf/REG_Files[17][31]_i_1_n_0 | Alu/flagu/rst_n_1                   |                3 |              4 |
|  clk_WB_IBUF_BUFG   | Rf/REG_Files[17][31]_i_1_n_0 | Alu/flagu/rst_n_6                   |                3 |              4 |
|  clk_WB_IBUF_BUFG   | Rf/REG_Files[17][31]_i_1_n_0 | Alu/flagu/rst_n_3                   |                2 |              4 |
|  clk_WB_IBUF_BUFG   | Rf/REG_Files[17][31]_i_1_n_0 | Alu/flagu/rst_n                     |                3 |              4 |
|  clk_WB_IBUF_BUFG   | Rf/REG_Files[17][31]_i_1_n_0 | Alu/flagu/rst_n_5                   |                3 |              4 |
|  clk_WB_IBUF_BUFG   | Rf/REG_Files[17][31]_i_1_n_0 | Alu/flagu/rst_n_4                   |                2 |              4 |
|  clk_WB_IBUF_BUFG   | Rf/REG_Files[17][31]_i_1_n_0 | Alu/flagu/rst_n_2                   |                2 |              4 |
|  clk_WB_IBUF_BUFG   | Rf/REG_Files[17][31]_i_1_n_0 | Alu/flagu/rst_n_0                   |                2 |              4 |
|  clk_WB_IBUF_BUFG   | Rf/REG_Files[16][31]_i_1_n_0 | Alu/flagu/rst_n_1                   |                3 |              4 |
|  clk_WB_IBUF_BUFG   | Rf/REG_Files[16][31]_i_1_n_0 | Alu/flagu/rst_n_6                   |                4 |              4 |
|  clk_WB_IBUF_BUFG   | Rf/REG_Files[16][31]_i_1_n_0 | Alu/flagu/rst_n_3                   |                3 |              4 |
|  clk_WB_IBUF_BUFG   | Rf/REG_Files[16][31]_i_1_n_0 | Alu/flagu/rst_n                     |                3 |              4 |
|  clk_WB_IBUF_BUFG   | Rf/REG_Files[16][31]_i_1_n_0 | Alu/flagu/rst_n_5                   |                3 |              4 |
|  clk_WB_IBUF_BUFG   | Rf/REG_Files[16][31]_i_1_n_0 | Alu/flagu/rst_n_4                   |                3 |              4 |
|  clk_WB_IBUF_BUFG   | Rf/REG_Files[16][31]_i_1_n_0 | Alu/flagu/rst_n_2                   |                3 |              4 |
|  clk_WB_IBUF_BUFG   | Rf/REG_Files[16][31]_i_1_n_0 | Alu/flagu/rst_n_0                   |                3 |              4 |
|  clk_WB_IBUF_BUFG   | Rf/REG_Files[1][31]_i_1_n_0  | Alu/flagu/rst_n_1                   |                3 |              4 |
|  clk_WB_IBUF_BUFG   | Rf/REG_Files[1][31]_i_1_n_0  | Alu/flagu/rst_n_6                   |                3 |              4 |
|  clk_WB_IBUF_BUFG   | Rf/REG_Files[1][31]_i_1_n_0  | Alu/flagu/rst_n_3                   |                2 |              4 |
|  clk_WB_IBUF_BUFG   | Rf/REG_Files[1][31]_i_1_n_0  | Alu/flagu/rst_n                     |                3 |              4 |
|  clk_WB_IBUF_BUFG   | Rf/REG_Files[1][31]_i_1_n_0  | Alu/flagu/rst_n_5                   |                3 |              4 |
|  clk_WB_IBUF_BUFG   | Rf/REG_Files[1][31]_i_1_n_0  | Alu/flagu/rst_n_4                   |                3 |              4 |
|  clk_WB_IBUF_BUFG   | Rf/REG_Files[1][31]_i_1_n_0  | Alu/flagu/rst_n_2                   |                3 |              4 |
|  clk_WB_IBUF_BUFG   | Rf/REG_Files[1][31]_i_1_n_0  | Alu/flagu/rst_n_0                   |                2 |              4 |
|  clk_WB_IBUF_BUFG   | Rf/REG_Files[20][31]_i_1_n_0 | Alu/flagu/rst_n_1                   |                2 |              4 |
|  clk_WB_IBUF_BUFG   | Rf/REG_Files[20][31]_i_1_n_0 | Alu/flagu/rst_n_6                   |                3 |              4 |
|  clk_WB_IBUF_BUFG   | Rf/REG_Files[20][31]_i_1_n_0 | Alu/flagu/rst_n_3                   |                2 |              4 |
|  clk_WB_IBUF_BUFG   | Rf/REG_Files[20][31]_i_1_n_0 | Alu/flagu/rst_n                     |                3 |              4 |
|  clk_WB_IBUF_BUFG   | Rf/REG_Files[20][31]_i_1_n_0 | Alu/flagu/rst_n_5                   |                3 |              4 |
|  clk_WB_IBUF_BUFG   | Rf/REG_Files[20][31]_i_1_n_0 | Alu/flagu/rst_n_4                   |                3 |              4 |
|  clk_WB_IBUF_BUFG   | Rf/REG_Files[20][31]_i_1_n_0 | Alu/flagu/rst_n_2                   |                2 |              4 |
|  clk_WB_IBUF_BUFG   | Rf/REG_Files[20][31]_i_1_n_0 | Alu/flagu/rst_n_0                   |                3 |              4 |
|  clk_WB_IBUF_BUFG   | Rf/REG_Files[21][31]_i_1_n_0 | Alu/flagu/rst_n_1                   |                3 |              4 |
|  clk_WB_IBUF_BUFG   | Rf/REG_Files[21][31]_i_1_n_0 | Alu/flagu/rst_n_6                   |                3 |              4 |
|  clk_WB_IBUF_BUFG   | Rf/REG_Files[21][31]_i_1_n_0 | Alu/flagu/rst_n_3                   |                2 |              4 |
|  clk_WB_IBUF_BUFG   | Rf/REG_Files[21][31]_i_1_n_0 | Alu/flagu/rst_n                     |                3 |              4 |
|  clk_WB_IBUF_BUFG   | Rf/REG_Files[21][31]_i_1_n_0 | Alu/flagu/rst_n_5                   |                1 |              4 |
|  clk_WB_IBUF_BUFG   | Rf/REG_Files[21][31]_i_1_n_0 | Alu/flagu/rst_n_4                   |                2 |              4 |
|  clk_WB_IBUF_BUFG   | Rf/REG_Files[21][31]_i_1_n_0 | Alu/flagu/rst_n_2                   |                4 |              4 |
|  clk_WB_IBUF_BUFG   | Rf/REG_Files[21][31]_i_1_n_0 | Alu/flagu/rst_n_0                   |                3 |              4 |
|  clk_WB_IBUF_BUFG   | Rf/REG_Files[22][31]_i_1_n_0 | Alu/flagu/rst_n_1                   |                2 |              4 |
|  clk_WB_IBUF_BUFG   | Rf/REG_Files[22][31]_i_1_n_0 | Alu/flagu/rst_n_6                   |                4 |              4 |
|  clk_WB_IBUF_BUFG   | Rf/REG_Files[22][31]_i_1_n_0 | Alu/flagu/rst_n_3                   |                2 |              4 |
|  clk_WB_IBUF_BUFG   | Rf/REG_Files[22][31]_i_1_n_0 | Alu/flagu/rst_n                     |                3 |              4 |
|  clk_WB_IBUF_BUFG   | Rf/REG_Files[22][31]_i_1_n_0 | Alu/flagu/rst_n_5                   |                1 |              4 |
|  clk_WB_IBUF_BUFG   | Rf/REG_Files[22][31]_i_1_n_0 | Alu/flagu/rst_n_4                   |                2 |              4 |
|  clk_WB_IBUF_BUFG   | Rf/REG_Files[22][31]_i_1_n_0 | Alu/flagu/rst_n_2                   |                4 |              4 |
|  clk_WB_IBUF_BUFG   | Rf/REG_Files[22][31]_i_1_n_0 | Alu/flagu/rst_n_0                   |                2 |              4 |
|  clk_WB_IBUF_BUFG   | Rf/REG_Files[23][31]_i_1_n_0 | Alu/flagu/rst_n_1                   |                3 |              4 |
|  clk_WB_IBUF_BUFG   | Rf/REG_Files[23][31]_i_1_n_0 | Alu/flagu/rst_n_6                   |                4 |              4 |
|  clk_WB_IBUF_BUFG   | Rf/REG_Files[23][31]_i_1_n_0 | Alu/flagu/rst_n_3                   |                2 |              4 |
|  clk_WB_IBUF_BUFG   | Rf/REG_Files[23][31]_i_1_n_0 | Alu/flagu/rst_n                     |                3 |              4 |
|  clk_WB_IBUF_BUFG   | Rf/REG_Files[23][31]_i_1_n_0 | Alu/flagu/rst_n_5                   |                3 |              4 |
|  clk_WB_IBUF_BUFG   | Rf/REG_Files[23][31]_i_1_n_0 | Alu/flagu/rst_n_4                   |                3 |              4 |
|  clk_WB_IBUF_BUFG   | Rf/REG_Files[23][31]_i_1_n_0 | Alu/flagu/rst_n_2                   |                3 |              4 |
|  clk_WB_IBUF_BUFG   | Rf/REG_Files[23][31]_i_1_n_0 | Alu/flagu/rst_n_0                   |                3 |              4 |
|  clk_WB_IBUF_BUFG   | Rf/REG_Files[27][31]_i_1_n_0 | Alu/flagu/rst_n_1                   |                2 |              4 |
|  clk_WB_IBUF_BUFG   | Rf/REG_Files[27][31]_i_1_n_0 | Alu/flagu/rst_n_6                   |                2 |              4 |
|  clk_WB_IBUF_BUFG   | Rf/REG_Files[27][31]_i_1_n_0 | Alu/flagu/rst_n_3                   |                4 |              4 |
|  clk_WB_IBUF_BUFG   | Rf/REG_Files[27][31]_i_1_n_0 | Alu/flagu/rst_n                     |                2 |              4 |
|  clk_WB_IBUF_BUFG   | Rf/REG_Files[27][31]_i_1_n_0 | Alu/flagu/rst_n_5                   |                3 |              4 |
|  clk_WB_IBUF_BUFG   | Rf/REG_Files[27][31]_i_1_n_0 | Alu/flagu/rst_n_4                   |                3 |              4 |
|  clk_WB_IBUF_BUFG   | Rf/REG_Files[27][31]_i_1_n_0 | Alu/flagu/rst_n_2                   |                3 |              4 |
|  clk_WB_IBUF_BUFG   | Rf/REG_Files[27][31]_i_1_n_0 | Alu/flagu/rst_n_0                   |                2 |              4 |
|  clk_WB_IBUF_BUFG   | Rf/REG_Files[7][31]_i_1_n_0  | Alu/flagu/rst_n_1                   |                3 |              4 |
|  clk_WB_IBUF_BUFG   | Rf/REG_Files[7][31]_i_1_n_0  | Alu/flagu/rst_n_6                   |                4 |              4 |
|  clk_WB_IBUF_BUFG   | Rf/REG_Files[7][31]_i_1_n_0  | Alu/flagu/rst_n_3                   |                2 |              4 |
|  clk_WB_IBUF_BUFG   | Rf/REG_Files[7][31]_i_1_n_0  | Alu/flagu/rst_n                     |                3 |              4 |
|  clk_WB_IBUF_BUFG   | Rf/REG_Files[7][31]_i_1_n_0  | Alu/flagu/rst_n_5                   |                3 |              4 |
|  clk_WB_IBUF_BUFG   | Rf/REG_Files[7][31]_i_1_n_0  | Alu/flagu/rst_n_4                   |                3 |              4 |
|  clk_WB_IBUF_BUFG   | Rf/REG_Files[7][31]_i_1_n_0  | Alu/flagu/rst_n_2                   |                3 |              4 |
|  clk_WB_IBUF_BUFG   | Rf/REG_Files[7][31]_i_1_n_0  | Alu/flagu/rst_n_0                   |                3 |              4 |
|  clk_WB_IBUF_BUFG   | Rf/REG_Files[8][31]_i_1_n_0  | Alu/flagu/rst_n_1                   |                2 |              4 |
|  clk_WB_IBUF_BUFG   | Rf/REG_Files[8][31]_i_1_n_0  | Alu/flagu/rst_n_6                   |                2 |              4 |
|  clk_WB_IBUF_BUFG   | Rf/REG_Files[8][31]_i_1_n_0  | Alu/flagu/rst_n_3                   |                3 |              4 |
|  clk_WB_IBUF_BUFG   | Rf/REG_Files[8][31]_i_1_n_0  | Alu/flagu/rst_n                     |                1 |              4 |
|  clk_WB_IBUF_BUFG   | Rf/REG_Files[8][31]_i_1_n_0  | Alu/flagu/rst_n_5                   |                3 |              4 |
|  clk_WB_IBUF_BUFG   | Rf/REG_Files[8][31]_i_1_n_0  | Alu/flagu/rst_n_4                   |                4 |              4 |
|  clk_WB_IBUF_BUFG   | Rf/REG_Files[8][31]_i_1_n_0  | Alu/flagu/rst_n_2                   |                3 |              4 |
|  clk_WB_IBUF_BUFG   | Rf/REG_Files[8][31]_i_1_n_0  | Alu/flagu/rst_n_0                   |                2 |              4 |
|  clk_WB_IBUF_BUFG   | Rf/REG_Files[9][31]_i_1_n_0  | Alu/flagu/rst_n_1                   |                3 |              4 |
|  clk_WB_IBUF_BUFG   | Rf/REG_Files[9][31]_i_1_n_0  | Alu/flagu/rst_n_6                   |                3 |              4 |
|  clk_WB_IBUF_BUFG   | Rf/REG_Files[9][31]_i_1_n_0  | Alu/flagu/rst_n_3                   |                4 |              4 |
|  clk_WB_IBUF_BUFG   | Rf/REG_Files[9][31]_i_1_n_0  | Alu/flagu/rst_n                     |                3 |              4 |
|  clk_WB_IBUF_BUFG   | Rf/REG_Files[9][31]_i_1_n_0  | Alu/flagu/rst_n_5                   |                3 |              4 |
|  clk_WB_IBUF_BUFG   | Rf/REG_Files[9][31]_i_1_n_0  | Alu/flagu/rst_n_4                   |                3 |              4 |
|  clk_WB_IBUF_BUFG   | Rf/REG_Files[9][31]_i_1_n_0  | Alu/flagu/rst_n_2                   |                1 |              4 |
|  clk_WB_IBUF_BUFG   | Rf/REG_Files[9][31]_i_1_n_0  | Alu/flagu/rst_n_0                   |                2 |              4 |
|  clk_WB_IBUF_BUFG   | Rf/REG_Files[24][31]_i_1_n_0 | Alu/flagu/rst_n_1                   |                4 |              4 |
|  clk_WB_IBUF_BUFG   | Rf/REG_Files[24][31]_i_1_n_0 | Alu/flagu/rst_n_6                   |                3 |              4 |
|  clk_WB_IBUF_BUFG   | Rf/REG_Files[24][31]_i_1_n_0 | Alu/flagu/rst_n_3                   |                4 |              4 |
|  clk_WB_IBUF_BUFG   | Rf/REG_Files[24][31]_i_1_n_0 | Alu/flagu/rst_n                     |                2 |              4 |
|  clk_WB_IBUF_BUFG   | Rf/REG_Files[24][31]_i_1_n_0 | Alu/flagu/rst_n_5                   |                3 |              4 |
|  clk_WB_IBUF_BUFG   | Rf/REG_Files[24][31]_i_1_n_0 | Alu/flagu/rst_n_4                   |                4 |              4 |
|  clk_WB_IBUF_BUFG   | Rf/REG_Files[24][31]_i_1_n_0 | Alu/flagu/rst_n_2                   |                3 |              4 |
|  clk_WB_IBUF_BUFG   | Rf/REG_Files[24][31]_i_1_n_0 | Alu/flagu/rst_n_0                   |                2 |              4 |
|  clk_WB_IBUF_BUFG   | Rf/REG_Files[3][31]_i_1_n_0  | Alu/flagu/rst_n_1                   |                2 |              4 |
|  clk_WB_IBUF_BUFG   | Rf/REG_Files[3][31]_i_1_n_0  | Alu/flagu/rst_n_6                   |                3 |              4 |
|  clk_WB_IBUF_BUFG   | Rf/REG_Files[3][31]_i_1_n_0  | Alu/flagu/rst_n_3                   |                2 |              4 |
|  clk_WB_IBUF_BUFG   | Rf/REG_Files[3][31]_i_1_n_0  | Alu/flagu/rst_n                     |                2 |              4 |
|  clk_WB_IBUF_BUFG   | Rf/REG_Files[3][31]_i_1_n_0  | Alu/flagu/rst_n_5                   |                3 |              4 |
|  clk_WB_IBUF_BUFG   | Rf/REG_Files[3][31]_i_1_n_0  | Alu/flagu/rst_n_4                   |                2 |              4 |
|  clk_WB_IBUF_BUFG   | Rf/REG_Files[3][31]_i_1_n_0  | Alu/flagu/rst_n_2                   |                3 |              4 |
|  clk_WB_IBUF_BUFG   | Rf/REG_Files[3][31]_i_1_n_0  | Alu/flagu/rst_n_0                   |                1 |              4 |
|  clk_WB_IBUF_BUFG   | Rf/REG_Files[26][31]_i_1_n_0 | Alu/flagu/rst_n_1                   |                3 |              4 |
|  clk_WB_IBUF_BUFG   | Rf/REG_Files[26][31]_i_1_n_0 | Alu/flagu/rst_n_6                   |                4 |              4 |
|  clk_WB_IBUF_BUFG   | Rf/REG_Files[26][31]_i_1_n_0 | Alu/flagu/rst_n_3                   |                4 |              4 |
|  clk_WB_IBUF_BUFG   | Rf/REG_Files[26][31]_i_1_n_0 | Alu/flagu/rst_n                     |                3 |              4 |
|  clk_WB_IBUF_BUFG   | Rf/REG_Files[26][31]_i_1_n_0 | Alu/flagu/rst_n_5                   |                3 |              4 |
|  clk_WB_IBUF_BUFG   | Rf/REG_Files[26][31]_i_1_n_0 | Alu/flagu/rst_n_4                   |                3 |              4 |
|  clk_WB_IBUF_BUFG   | Rf/REG_Files[26][31]_i_1_n_0 | Alu/flagu/rst_n_2                   |                3 |              4 |
|  clk_WB_IBUF_BUFG   | Rf/REG_Files[26][31]_i_1_n_0 | Alu/flagu/rst_n_0                   |                1 |              4 |
|  clk_WB_IBUF_BUFG   | Rf/REG_Files[4][31]_i_1_n_0  | Alu/flagu/rst_n_1                   |                3 |              4 |
|  clk_WB_IBUF_BUFG   | Rf/REG_Files[4][31]_i_1_n_0  | Alu/flagu/rst_n_6                   |                3 |              4 |
|  clk_WB_IBUF_BUFG   | Rf/REG_Files[4][31]_i_1_n_0  | Alu/flagu/rst_n_3                   |                2 |              4 |
|  clk_WB_IBUF_BUFG   | Rf/REG_Files[4][31]_i_1_n_0  | Alu/flagu/rst_n                     |                2 |              4 |
|  clk_WB_IBUF_BUFG   | Rf/REG_Files[4][31]_i_1_n_0  | Alu/flagu/rst_n_5                   |                3 |              4 |
|  clk_WB_IBUF_BUFG   | Rf/REG_Files[4][31]_i_1_n_0  | Alu/flagu/rst_n_4                   |                2 |              4 |
|  clk_WB_IBUF_BUFG   | Rf/REG_Files[4][31]_i_1_n_0  | Alu/flagu/rst_n_2                   |                2 |              4 |
|  clk_WB_IBUF_BUFG   | Rf/REG_Files[4][31]_i_1_n_0  | Alu/flagu/rst_n_0                   |                1 |              4 |
|  clk_WB_IBUF_BUFG   | Rf/REG_Files[2][31]_i_1_n_0  | Alu/flagu/rst_n_1                   |                2 |              4 |
|  clk_WB_IBUF_BUFG   | Rf/REG_Files[2][31]_i_1_n_0  | Alu/flagu/rst_n_6                   |                3 |              4 |
|  clk_WB_IBUF_BUFG   | Rf/REG_Files[2][31]_i_1_n_0  | Alu/flagu/rst_n_3                   |                2 |              4 |
|  clk_WB_IBUF_BUFG   | Rf/REG_Files[2][31]_i_1_n_0  | Alu/flagu/rst_n                     |                2 |              4 |
|  clk_WB_IBUF_BUFG   | Rf/REG_Files[2][31]_i_1_n_0  | Alu/flagu/rst_n_5                   |                3 |              4 |
|  clk_WB_IBUF_BUFG   | Rf/REG_Files[2][31]_i_1_n_0  | Alu/flagu/rst_n_4                   |                2 |              4 |
|  clk_WB_IBUF_BUFG   | Rf/REG_Files[2][31]_i_1_n_0  | Alu/flagu/rst_n_2                   |                2 |              4 |
|  clk_WB_IBUF_BUFG   | Rf/REG_Files[2][31]_i_1_n_0  | Alu/flagu/rst_n_0                   |                1 |              4 |
|  clk_WB_IBUF_BUFG   | Rf/REG_Files[6][31]_i_1_n_0  | Alu/flagu/rst_n_1                   |                4 |              4 |
|  clk_WB_IBUF_BUFG   | Rf/REG_Files[6][31]_i_1_n_0  | Alu/flagu/rst_n_6                   |                3 |              4 |
|  clk_WB_IBUF_BUFG   | Rf/REG_Files[6][31]_i_1_n_0  | Alu/flagu/rst_n_3                   |                2 |              4 |
|  clk_WB_IBUF_BUFG   | Rf/REG_Files[6][31]_i_1_n_0  | Alu/flagu/rst_n                     |                2 |              4 |
|  clk_WB_IBUF_BUFG   | Rf/REG_Files[6][31]_i_1_n_0  | Alu/flagu/rst_n_5                   |                2 |              4 |
|  clk_WB_IBUF_BUFG   | Rf/REG_Files[6][31]_i_1_n_0  | Alu/flagu/rst_n_4                   |                2 |              4 |
|  clk_WB_IBUF_BUFG   | Rf/REG_Files[6][31]_i_1_n_0  | Alu/flagu/rst_n_2                   |                3 |              4 |
|  clk_WB_IBUF_BUFG   | Rf/REG_Files[6][31]_i_1_n_0  | Alu/flagu/rst_n_0                   |                1 |              4 |
|  clk_WB_IBUF_BUFG   | Rf/REG_Files[25][31]_i_1_n_0 | Alu/flagu/rst_n_1                   |                3 |              4 |
|  clk_WB_IBUF_BUFG   | Rf/REG_Files[25][31]_i_1_n_0 | Alu/flagu/rst_n_6                   |                3 |              4 |
|  clk_WB_IBUF_BUFG   | Rf/REG_Files[25][31]_i_1_n_0 | Alu/flagu/rst_n_3                   |                4 |              4 |
|  clk_WB_IBUF_BUFG   | Rf/REG_Files[25][31]_i_1_n_0 | Alu/flagu/rst_n                     |                4 |              4 |
|  clk_WB_IBUF_BUFG   | Rf/REG_Files[25][31]_i_1_n_0 | Alu/flagu/rst_n_5                   |                3 |              4 |
|  clk_WB_IBUF_BUFG   | Rf/REG_Files[25][31]_i_1_n_0 | Alu/flagu/rst_n_4                   |                3 |              4 |
|  clk_WB_IBUF_BUFG   | Rf/REG_Files[25][31]_i_1_n_0 | Alu/flagu/rst_n_2                   |                3 |              4 |
|  clk_WB_IBUF_BUFG   | Rf/REG_Files[25][31]_i_1_n_0 | Alu/flagu/rst_n_0                   |                1 |              4 |
|  clk_WB_IBUF_BUFG   | Rf/REG_Files[28][31]_i_1_n_0 | Alu/flagu/rst_n_1                   |                4 |              4 |
|  clk_WB_IBUF_BUFG   | Rf/REG_Files[28][31]_i_1_n_0 | Alu/flagu/rst_n_6                   |                2 |              4 |
|  clk_WB_IBUF_BUFG   | Rf/REG_Files[28][31]_i_1_n_0 | Alu/flagu/rst_n_3                   |                3 |              4 |
|  clk_WB_IBUF_BUFG   | Rf/REG_Files[28][31]_i_1_n_0 | Alu/flagu/rst_n                     |                2 |              4 |
|  clk_WB_IBUF_BUFG   | Rf/REG_Files[28][31]_i_1_n_0 | Alu/flagu/rst_n_5                   |                3 |              4 |
|  clk_WB_IBUF_BUFG   | Rf/REG_Files[28][31]_i_1_n_0 | Alu/flagu/rst_n_4                   |                3 |              4 |
|  clk_WB_IBUF_BUFG   | Rf/REG_Files[28][31]_i_1_n_0 | Alu/flagu/rst_n_2                   |                3 |              4 |
|  clk_WB_IBUF_BUFG   | Rf/REG_Files[28][31]_i_1_n_0 | Alu/flagu/rst_n_0                   |                2 |              4 |
|  clk_WB_IBUF_BUFG   | Rf/REG_Files[29][31]_i_1_n_0 | Alu/flagu/rst_n_1                   |                4 |              4 |
|  clk_WB_IBUF_BUFG   | Rf/REG_Files[29][31]_i_1_n_0 | Alu/flagu/rst_n_6                   |                2 |              4 |
|  clk_WB_IBUF_BUFG   | Rf/REG_Files[29][31]_i_1_n_0 | Alu/flagu/rst_n_3                   |                4 |              4 |
|  clk_WB_IBUF_BUFG   | Rf/REG_Files[29][31]_i_1_n_0 | Alu/flagu/rst_n                     |                3 |              4 |
|  clk_WB_IBUF_BUFG   | Rf/REG_Files[29][31]_i_1_n_0 | Alu/flagu/rst_n_5                   |                3 |              4 |
|  clk_WB_IBUF_BUFG   | Rf/REG_Files[29][31]_i_1_n_0 | Alu/flagu/rst_n_4                   |                2 |              4 |
|  clk_WB_IBUF_BUFG   | Rf/REG_Files[29][31]_i_1_n_0 | Alu/flagu/rst_n_2                   |                4 |              4 |
|  clk_WB_IBUF_BUFG   | Rf/REG_Files[29][31]_i_1_n_0 | Alu/flagu/rst_n_0                   |                3 |              4 |
|  clk_WB_IBUF_BUFG   | Rf/REG_Files[30][31]_i_1_n_0 | Alu/flagu/rst_n_1                   |                4 |              4 |
|  clk_WB_IBUF_BUFG   | Rf/REG_Files[30][31]_i_1_n_0 | Alu/flagu/rst_n_6                   |                3 |              4 |
|  clk_WB_IBUF_BUFG   | Rf/REG_Files[30][31]_i_1_n_0 | Alu/flagu/rst_n_3                   |                4 |              4 |
|  clk_WB_IBUF_BUFG   | Rf/REG_Files[30][31]_i_1_n_0 | Alu/flagu/rst_n                     |                3 |              4 |
|  clk_WB_IBUF_BUFG   | Rf/REG_Files[30][31]_i_1_n_0 | Alu/flagu/rst_n_5                   |                3 |              4 |
|  clk_WB_IBUF_BUFG   | Rf/REG_Files[30][31]_i_1_n_0 | Alu/flagu/rst_n_4                   |                3 |              4 |
|  clk_WB_IBUF_BUFG   | Rf/REG_Files[30][31]_i_1_n_0 | Alu/flagu/rst_n_2                   |                3 |              4 |
|  clk_WB_IBUF_BUFG   | Rf/REG_Files[30][31]_i_1_n_0 | Alu/flagu/rst_n_0                   |                1 |              4 |
|  clk_WB_IBUF_BUFG   | Rf/REG_Files[31][31]_i_1_n_0 | Alu/flagu/rst_n_1                   |                4 |              4 |
|  clk_WB_IBUF_BUFG   | Rf/REG_Files[31][31]_i_1_n_0 | Alu/flagu/rst_n_6                   |                2 |              4 |
|  clk_WB_IBUF_BUFG   | Rf/REG_Files[31][31]_i_1_n_0 | Alu/flagu/rst_n_3                   |                4 |              4 |
|  clk_WB_IBUF_BUFG   | Rf/REG_Files[31][31]_i_1_n_0 | Alu/flagu/rst_n                     |                3 |              4 |
|  clk_WB_IBUF_BUFG   | Rf/REG_Files[31][31]_i_1_n_0 | Alu/flagu/rst_n_5                   |                3 |              4 |
|  clk_WB_IBUF_BUFG   | Rf/REG_Files[31][31]_i_1_n_0 | Alu/flagu/rst_n_4                   |                4 |              4 |
|  clk_WB_IBUF_BUFG   | Rf/REG_Files[31][31]_i_1_n_0 | Alu/flagu/rst_n_2                   |                3 |              4 |
|  clk_WB_IBUF_BUFG   | Rf/REG_Files[31][31]_i_1_n_0 | Alu/flagu/rst_n_0                   |                3 |              4 |
|  clk_WB_IBUF_BUFG   | Rf/REG_Files[5][31]_i_1_n_0  | Alu/flagu/rst_n_1                   |                3 |              4 |
|  clk_WB_IBUF_BUFG   | Rf/REG_Files[5][31]_i_1_n_0  | Alu/flagu/rst_n_6                   |                3 |              4 |
|  clk_WB_IBUF_BUFG   | Rf/REG_Files[5][31]_i_1_n_0  | Alu/flagu/rst_n_3                   |                3 |              4 |
|  clk_WB_IBUF_BUFG   | Rf/REG_Files[5][31]_i_1_n_0  | Alu/flagu/rst_n                     |                2 |              4 |
|  clk_WB_IBUF_BUFG   | Rf/REG_Files[5][31]_i_1_n_0  | Alu/flagu/rst_n_5                   |                2 |              4 |
|  clk_WB_IBUF_BUFG   | Rf/REG_Files[5][31]_i_1_n_0  | Alu/flagu/rst_n_4                   |                2 |              4 |
|  clk_WB_IBUF_BUFG   | Rf/REG_Files[5][31]_i_1_n_0  | Alu/flagu/rst_n_2                   |                3 |              4 |
|  clk_WB_IBUF_BUFG   | Rf/REG_Files[5][31]_i_1_n_0  | Alu/flagu/rst_n_0                   |                1 |              4 |
| ~clk_F_IBUF_BUFG    |                              | Alu/flagu/rst_n_1                   |                4 |              4 |
| ~clk_F_IBUF_BUFG    |                              | Alu/flagu/rst_n_6                   |                3 |              4 |
| ~clk_F_IBUF_BUFG    |                              | Alu/flagu/rst_n_3                   |                3 |              4 |
| ~clk_F_IBUF_BUFG    |                              | Alu/flagu/rst_n                     |                2 |              4 |
| ~clk_F_IBUF_BUFG    |                              | Alu/flagu/FR[3]_i_2_n_0             |                3 |              4 |
| ~clk_F_IBUF_BUFG    |                              | Alu/flagu/rst_n_5                   |                3 |              4 |
| ~clk_F_IBUF_BUFG    |                              | Alu/flagu/rst_n_4                   |                2 |              4 |
| ~clk_F_IBUF_BUFG    |                              | Alu/flagu/rst_n_2                   |                3 |              4 |
| ~clk_F_IBUF_BUFG    |                              | Alu/flagu/rst_n_0                   |                4 |              4 |
|  Alu/NP/MHztoKHz/CP |                              |                                     |                4 |              7 |
|  clk_IBUF_BUFG      |                              | Alu/NP/MHztoKHz/cnt_pos[16]_i_1_n_0 |                5 |             17 |
| ~clk_RR_IBUF_BUFG   |                              | Alu/flagu/rst_n_7                   |               26 |             64 |
+---------------------+------------------------------+-------------------------------------+------------------+----------------+


