Copyright 1986-2018 Xilinx, Inc. All Rights Reserved.
-------------------------------------------------------------------------------------------------------------------------------------------
| Tool Version     : Vivado v.2018.3 (win64) Build 2405991 Thu Dec  6 23:38:27 MST 2018
| Date             : Wed May 18 19:32:08 2022
| Host             : DESKTOP-1SAUHT5 running 64-bit major release  (build 9200)
| Command          : report_power -file RIU_TOP_power_routed.rpt -pb RIU_TOP_power_summary_routed.pb -rpx RIU_TOP_power_routed.rpx
| Design           : RIU_TOP
| Device           : xc7a100tcsg324-1
| Design State     : routed
| Grade            : commercial
| Process          : typical
| Characterization : Production
-------------------------------------------------------------------------------------------------------------------------------------------

Power Report

Table of Contents
-----------------
1. Summary
1.1 On-Chip Components
1.2 Power Supply Summary
1.3 Confidence Level
2. Settings
2.1 Environment
2.2 Clock Constraints
3. Detailed Reports
3.1 By Hierarchy

1. Summary
----------

+--------------------------+----------------------------------+
| Total On-Chip Power (W)  | 14.249 (Junction temp exceeded!) |
| Design Power Budget (W)  | Unspecified*                     |
| Power Budget Margin (W)  | NA                               |
| Dynamic (W)              | 13.945                           |
| Device Static (W)        | 0.305                            |
| Effective TJA (C/W)      | 4.6                              |
| Max Ambient (C)          | 20.0                             |
| Junction Temperature (C) | 90.0                             |
| Confidence Level         | Low                              |
| Setting File             | ---                              |
| Simulation Activity File | ---                              |
| Design Nets Matched      | NA                               |
+--------------------------+----------------------------------+
* Specify Design Power Budget using, set_operating_conditions -design_power_budget <value in Watts>


1.1 On-Chip Components
----------------------

+----------------+-----------+----------+-----------+-----------------+
| On-Chip        | Power (W) | Used     | Available | Utilization (%) |
+----------------+-----------+----------+-----------+-----------------+
| Slice Logic    |     3.353 |     3447 |       --- |             --- |
|   LUT as Logic |     3.023 |     1551 |     63400 |            2.45 |
|   CARRY4       |     0.154 |       56 |     15850 |            0.35 |
|   Register     |     0.124 |     1402 |    126800 |            1.11 |
|   F7/F8 Muxes  |     0.037 |      260 |     63400 |            0.41 |
|   BUFG         |     0.015 |        4 |        32 |           12.50 |
|   Others       |     0.000 |       34 |       --- |             --- |
| Signals        |     5.329 |     2817 |       --- |             --- |
| Block RAM      |     0.163 |        1 |       135 |            0.74 |
| I/O            |     5.100 |       29 |       210 |           13.81 |
| Static Power   |     0.305 |          |           |                 |
| Total          |    14.249 |          |           |                 |
+----------------+-----------+----------+-----------+-----------------+


1.2 Power Supply Summary
------------------------

+-----------+-------------+-----------+-------------+------------+
| Source    | Voltage (V) | Total (A) | Dynamic (A) | Static (A) |
+-----------+-------------+-----------+-------------+------------+
| Vccint    |       1.000 |     9.036 |       8.851 |      0.184 |
| Vccaux    |       1.800 |     0.456 |       0.416 |      0.040 |
| Vcco33    |       3.300 |     0.000 |       0.000 |      0.000 |
| Vcco25    |       2.500 |     0.000 |       0.000 |      0.000 |
| Vcco18    |       1.800 |     2.410 |       2.406 |      0.004 |
| Vcco15    |       1.500 |     0.000 |       0.000 |      0.000 |
| Vcco135   |       1.350 |     0.000 |       0.000 |      0.000 |
| Vcco12    |       1.200 |     0.000 |       0.000 |      0.000 |
| Vccaux_io |       1.800 |     0.000 |       0.000 |      0.000 |
| Vccbram   |       1.000 |     0.018 |       0.013 |      0.005 |
| MGTAVcc   |       1.000 |     0.000 |       0.000 |      0.000 |
| MGTAVtt   |       1.200 |     0.000 |       0.000 |      0.000 |
| Vccadc    |       1.800 |     0.020 |       0.000 |      0.020 |
+-----------+-------------+-----------+-------------+------------+


1.3 Confidence Level
--------------------

+-----------------------------+------------+--------------------------------------------------------+--------------------------------------------------------------------------------------------------------------------+
| User Input Data             | Confidence | Details                                                | Action                                                                                                             |
+-----------------------------+------------+--------------------------------------------------------+--------------------------------------------------------------------------------------------------------------------+
| Design implementation state | High       | Design is routed                                       |                                                                                                                    |
| Clock nodes activity        | Low        | User specified less than 75% of clocks                 | Provide missing clock activity with a constraint file, simulation results or by editing the "By Clock Domain" view |
| I/O nodes activity          | Low        | More than 75% of inputs are missing user specification | Provide missing input activity with simulation results or by editing the "By Resource Type -> I/Os" view           |
| Internal nodes activity     | Medium     | User specified less than 25% of internal nodes         | Provide missing internal nodes activity with simulation results or by editing the "By Resource Type" views         |
| Device models               | High       | Device models are Production                           |                                                                                                                    |
|                             |            |                                                        |                                                                                                                    |
| Overall confidence level    | Low        |                                                        |                                                                                                                    |
+-----------------------------+------------+--------------------------------------------------------+--------------------------------------------------------------------------------------------------------------------+


2. Settings
-----------

2.1 Environment
---------------

+-----------------------+--------------------------+
| Ambient Temp (C)      | 25.0                     |
| ThetaJA (C/W)         | 4.6                      |
| Airflow (LFM)         | 250                      |
| Heat Sink             | medium (Medium Profile)  |
| ThetaSA (C/W)         | 4.6                      |
| Board Selection       | medium (10"x10")         |
| # of Board Layers     | 12to15 (12 to 15 Layers) |
| Board Temperature (C) | 25.0                     |
+-----------------------+--------------------------+


2.2 Clock Constraints
---------------------

+-------+--------+-----------------+
| Clock | Domain | Constraint (ns) |
+-------+--------+-----------------+


3. Detailed Reports
-------------------

3.1 By Hierarchy
----------------

+--------------------------+-----------+
| Name                     | Power (W) |
+--------------------------+-----------+
| RIU_TOP                  |    13.945 |
|   ES1                    |     0.577 |
|     div                  |     0.156 |
|   ES2                    |     0.193 |
|     div                  |     0.161 |
|   NP                     |     0.645 |
|     MHztoKHz             |     0.160 |
|     NumberDisplayOne_uut |     0.026 |
|   alu                    |     0.316 |
|     Rf                   |     0.036 |
|     alu                  |     0.266 |
|     flagu                |     0.014 |
|   cu                     |     0.771 |
|     id2                  |     0.004 |
|   dm                     |     0.312 |
|     U0                   |     0.312 |
|       inst_blk_mem_gen   |     0.312 |
|   fd                     |     2.835 |
|     im                   |     0.075 |
|       U0                 |     0.075 |
|     ir                   |     2.760 |
|   mdr                    |     0.045 |
|   rf                     |     2.971 |
|     RA                   |     1.667 |
|     RB                   |     0.172 |
|     Rf                   |     1.132 |
+--------------------------+-----------+


