INFO: [VRFC 10-2263] Analyzing Verilog file "D:/Data/Vivado/RIU/RIU.srcs/sources_1/ip/DM/sim/DM.v" into library xil_defaultlib
INFO: [VRFC 10-311] analyzing module DM
INFO: [VRFC 10-2263] Analyzing Verilog file "D:/Data/Vivado/RIU/RIU.srcs/sources_1/ip/IM/sim/IM.v" into library xil_defaultlib
INFO: [VRFC 10-311] analyzing module IM
INFO: [VRFC 10-2263] Analyzing Verilog file "D:/Data/Vivado/ALU/ALU.srcs/sources_1/new/ALU.v" into library xil_defaultlib
INFO: [VRFC 10-311] analyzing module ALU
INFO: [VRFC 10-2263] Analyzing Verilog file "D:/Data/Vivado/RIU/RIU.srcs/sources_1/new/ALU_TOP.v" into library xil_defaultlib
INFO: [VRFC 10-311] analyzing module ALU_TOPP
INFO: [VRFC 10-2263] Analyzing Verilog file "D:/Data/Vivado/RIU/RIU.srcs/sources_1/new/CU.v" into library xil_defaultlib
INFO: [VRFC 10-311] analyzing module CU
INFO: [VRFC 10-2263] Analyzing Verilog file "D:/Data/Vivado/RIU/RIU.srcs/sources_1/new/FD_TOP.v" into library xil_defaultlib
INFO: [VRFC 10-311] analyzing module FD_TOP
INFO: [VRFC 10-2263] Analyzing Verilog file "D:/Data/Vivado/ALU/ALU.srcs/sources_1/new/FlagU.v" into library xil_defaultlib
INFO: [VRFC 10-311] analyzing module FlagU
INFO: [VRFC 10-2263] Analyzing Verilog file "D:/Data/Vivado/Fetch_Decode/Fetch_Decode.srcs/sources_1/new/ID1.v" into library xil_defaultlib
INFO: [VRFC 10-311] analyzing module ID1
INFO: [VRFC 10-2263] Analyzing Verilog file "D:/Data/Vivado/RIU/RIU.srcs/sources_1/new/ID2.v" into library xil_defaultlib
INFO: [VRFC 10-311] analyzing module ID2
INFO: [VRFC 10-2263] Analyzing Verilog file "D:/Data/Vivado/Fetch_Decode/Fetch_Decode.srcs/sources_1/new/IR.v" into library xil_defaultlib
INFO: [VRFC 10-311] analyzing module IR
INFO: [VRFC 10-2263] Analyzing Verilog file "D:/Data/Vivado/ALU/ALU.srcs/sources_1/new/NumberDisplay.v" into library xil_defaultlib
INFO: [VRFC 10-311] analyzing module NumberDisplay
INFO: [VRFC 10-2263] Analyzing Verilog file "D:/Data/Vivado/ALU/ALU.srcs/sources_1/new/NumberDisplayOne.v" into library xil_defaultlib
INFO: [VRFC 10-311] analyzing module NumberDisplayOne
INFO: [VRFC 10-2263] Analyzing Verilog file "D:/Data/Vivado/Fetch_Decode/Fetch_Decode.srcs/sources_1/new/PC.v" into library xil_defaultlib
INFO: [VRFC 10-311] analyzing module PCM
INFO: [VRFC 10-2263] Analyzing Verilog file "D:/Data/Vivado/Register_File/Register_File.srcs/sources_1/new/RF.v" into library xil_defaultlib
INFO: [VRFC 10-311] analyzing module RF
INFO: [VRFC 10-2263] Analyzing Verilog file "D:/Data/Vivado/RIU/RIU.srcs/sources_1/new/RF_top.v" into library xil_defaultlib
INFO: [VRFC 10-311] analyzing module RF_top
INFO: [VRFC 10-2263] Analyzing Verilog file "D:/Data/Vivado/RIU/RIU.srcs/sources_1/new/RUITEST.v" into library xil_defaultlib
INFO: [VRFC 10-311] analyzing module RUITEST
WARNING: [VRFC 10-3676] redeclaration of ansi port 'rst_n' is not allowed [D:/Data/Vivado/RIU/RIU.srcs/sources_1/new/RUITEST.v:31]
INFO: [VRFC 10-2263] Analyzing Verilog file "D:/Data/Vivado/ALU/ALU.srcs/sources_1/new/RegisterF.v" into library xil_defaultlib
INFO: [VRFC 10-311] analyzing module RegisterF
INFO: [VRFC 10-2263] Analyzing Verilog file "D:/Data/Vivado/ALU/ALU.srcs/sources_1/new/divider.v" into library xil_defaultlib
INFO: [VRFC 10-311] analyzing module divider
INFO: [VRFC 10-2263] Analyzing Verilog file "D:/Data/Vivado/RIU/RIU.srcs/sim_1/new/RUI_test.v" into library xil_defaultlib
INFO: [VRFC 10-311] analyzing module RUI_test
